[2025-12-30 11:24:06] [API] [INFO] 파일 수신: 엑셀_업로드_양식.xlsx
[2025-12-30 11:24:06] [API] [INFO] ✅ user_info 저장 완료: 14명
[2025-12-30 11:24:06] [API] [INFO] ✅ upload_files 저장 완료, _id: 695337c67fbcfafc5102721a
[2025-12-30 11:24:06] [API] [INFO] ✅ 파일 저장: ./uploads\d1452fb0-933a-4041-83b2-39dec7b0106c.xlsx
[2025-12-30 11:24:09] [API] [INFO] 학교 7491131의 태그번호 목록: ['1.0', '2.0', '3.0', '4.0', '5.0', '6.0', '7.0', '8.0', '9.0', '10.0', '11.0', '12.0', '13.0', '14.0', '1.0', '2.0', '3.0', '4.0', '5.0', '6.0', '7.0', '8.0', '9.0', '10.0', '11.0', '12.0', '13.0', '14.0', '1.0', '2.0', '3.0', '4.0', '5.0', '6.0', '7.0', '8.0', '9.0', '10.0', '11.0', '12.0', '13.0', '14.0', '1.0', '2.0', '3.0', '4.0', '5.0', '6.0', '7.0', '8.0', '9.0', '10.0', '11.0', '12.0', '13.0', '14.0', '1.0', '2.0', '3.0', '4.0', '5.0', '6.0', '7.0', '8.0', '9.0', '10.0', '11.0', '12.0', '13.0', '14.0', '1.0', '2.0', '3.0', '4.0', '5.0', '6.0', '7.0', '8.0', '9.0', '10.0', '11.0', '12.0', '13.0', '14.0', '1.0', '2.0', '3.0', '4.0', '5.0', '6.0', '7.0', '8.0', '9.0', '10.0', '11.0', '12.0', '13.0', '14.0', '1.0', '2.0', '3.0', '4.0', '5.0', '6.0', '7.0', '8.0', '9.0', '10.0', '11.0', '12.0', '13.0', '14.0', '1.0', '2.0', '3.0', '4.0', '5.0', '6.0', '7.0', '8.0', '9.0', '10.0', '11.0', '12.0', '13.0', '14.0', '1.0', '2.0', '3.0', '4.0', '5.0', '6.0', '7.0', '8.0', '9.0', '10.0', '11.0', '12.0', '13.0', '14.0', '1.0', '2.0', '3.0', '4.0', '5.0', '6.0', '7.0', '8.0', '9.0', '10.0', '11.0', '12.0', '13.0', '14.0', '1.0', '2.0', '3.0', '4.0', '5.0', '6.0', '7.0', '8.0', '9.0', '10.0', '11.0', '12.0', '13.0', '14.0', '1.0', '2.0', '3.0', '4.0', '5.0', '6.0', '7.0', '8.0', '9.0', '10.0', '11.0', '12.0', '13.0', '14.0', '1.0', '2.0', '3.0', '4.0', '5.0', '6.0', '7.0', '8.0', '9.0', '10.0', '11.0', '12.0', '13.0', '14.0', '1.0', '2.0', '3.0', '4.0', '5.0', '6.0', '7.0', '8.0', '9.0', '10.0', '11.0', '12.0', '13.0', '14.0', '1.0', '2.0', '3.0', '4.0', '5.0', '6.0', '7.0', '8.0', '9.0', '10.0', '11.0', '12.0', '13.0', '14.0', '1.0', '2.0', '3.0', '4.0', '5.0', '6.0', '7.0', '8.0', '9.0', '10.0', '11.0', '12.0', '13.0', '14.0', '1.0', '2.0', '3.0', '4.0', '5.0', '6.0', '7.0', '8.0', '9.0', '10.0', '11.0', '12.0', '13.0', '14.0', '1.0', '2.0', '3.0', '4.0', '5.0', '6.0', '7.0', '8.0', '9.0', '10.0', '11.0', '12.0', '13.0', '14.0', '1.0', '2.0', '3.0', '4.0', '5.0', '6.0', '7.0', '8.0', '9.0', '10.0', '11.0', '12.0', '13.0', '14.0', '1.0', '2.0', '3.0', '4.0', '5.0', '6.0', '7.0', '8.0', '9.0', '10.0', '11.0', '12.0', '13.0', '14.0', '1.0', '2.0', '3.0', '4.0', '5.0', '6.0', '7.0', '8.0', '9.0', '10.0', '11.0', '12.0', '13.0', '14.0', '1.0', '2.0', '3.0', '4.0', '5.0', '6.0', '7.0', '8.0', '9.0', '10.0', '11.0', '12.0', '13.0', '14.0', '1.0', '2.0', '3.0', '4.0', '5.0', '6.0', '7.0', '8.0', '9.0', '10.0', '11.0', '12.0', '13.0', '14.0']
[2025-12-30 11:24:09] [API] [ERROR] 다운로드 오류: 'Worksheet 기본(값) does not exist.'
[2025-12-30 11:24:58] [API] [INFO] 파일 수신: 엑셀_업로드_양식.xlsx
[2025-12-30 11:24:59] [API] [INFO] ✅ user_info 저장 완료: 14명
[2025-12-30 11:24:59] [API] [INFO] ✅ upload_files 저장 완료, _id: 695337fb404407029b269fda
[2025-12-30 11:24:59] [API] [INFO] ✅ 파일 저장: ./uploads\b9cf4ae0-2deb-43a8-9939-3abd933df72f.xlsx
[2025-12-30 11:25:01] [API] [INFO] 학교 7491131의 태그번호 목록: ['1.0', '2.0', '3.0', '4.0', '5.0', '6.0', '7.0', '8.0', '9.0', '10.0', '11.0', '12.0', '13.0', '14.0', '1.0', '2.0', '3.0', '4.0', '5.0', '6.0', '7.0', '8.0', '9.0', '10.0', '11.0', '12.0', '13.0', '14.0', '1.0', '2.0', '3.0', '4.0', '5.0', '6.0', '7.0', '8.0', '9.0', '10.0', '11.0', '12.0', '13.0', '14.0', '1.0', '2.0', '3.0', '4.0', '5.0', '6.0', '7.0', '8.0', '9.0', '10.0', '11.0', '12.0', '13.0', '14.0', '1.0', '2.0', '3.0', '4.0', '5.0', '6.0', '7.0', '8.0', '9.0', '10.0', '11.0', '12.0', '13.0', '14.0', '1.0', '2.0', '3.0', '4.0', '5.0', '6.0', '7.0', '8.0', '9.0', '10.0', '11.0', '12.0', '13.0', '14.0', '1.0', '2.0', '3.0', '4.0', '5.0', '6.0', '7.0', '8.0', '9.0', '10.0', '11.0', '12.0', '13.0', '14.0', '1.0', '2.0', '3.0', '4.0', '5.0', '6.0', '7.0', '8.0', '9.0', '10.0', '11.0', '12.0', '13.0', '14.0', '1.0', '2.0', '3.0', '4.0', '5.0', '6.0', '7.0', '8.0', '9.0', '10.0', '11.0', '12.0', '13.0', '14.0', '1.0', '2.0', '3.0', '4.0', '5.0', '6.0', '7.0', '8.0', '9.0', '10.0', '11.0', '12.0', '13.0', '14.0', '1.0', '2.0', '3.0', '4.0', '5.0', '6.0', '7.0', '8.0', '9.0', '10.0', '11.0', '12.0', '13.0', '14.0', '1.0', '2.0', '3.0', '4.0', '5.0', '6.0', '7.0', '8.0', '9.0', '10.0', '11.0', '12.0', '13.0', '14.0', '1.0', '2.0', '3.0', '4.0', '5.0', '6.0', '7.0', '8.0', '9.0', '10.0', '11.0', '12.0', '13.0', '14.0', '1.0', '2.0', '3.0', '4.0', '5.0', '6.0', '7.0', '8.0', '9.0', '10.0', '11.0', '12.0', '13.0', '14.0', '1.0', '2.0', '3.0', '4.0', '5.0', '6.0', '7.0', '8.0', '9.0', '10.0', '11.0', '12.0', '13.0', '14.0', '1.0', '2.0', '3.0', '4.0', '5.0', '6.0', '7.0', '8.0', '9.0', '10.0', '11.0', '12.0', '13.0', '14.0', '1.0', '2.0', '3.0', '4.0', '5.0', '6.0', '7.0', '8.0', '9.0', '10.0', '11.0', '12.0', '13.0', '14.0', '1.0', '2.0', '3.0', '4.0', '5.0', '6.0', '7.0', '8.0', '9.0', '10.0', '11.0', '12.0', '13.0', '14.0', '1.0', '2.0', '3.0', '4.0', '5.0', '6.0', '7.0', '8.0', '9.0', '10.0', '11.0', '12.0', '13.0', '14.0', '1.0', '2.0', '3.0', '4.0', '5.0', '6.0', '7.0', '8.0', '9.0', '10.0', '11.0', '12.0', '13.0', '14.0', '1.0', '2.0', '3.0', '4.0', '5.0', '6.0', '7.0', '8.0', '9.0', '10.0', '11.0', '12.0', '13.0', '14.0', '1.0', '2.0', '3.0', '4.0', '5.0', '6.0', '7.0', '8.0', '9.0', '10.0', '11.0', '12.0', '13.0', '14.0', '1.0', '2.0', '3.0', '4.0', '5.0', '6.0', '7.0', '8.0', '9.0', '10.0', '11.0', '12.0', '13.0', '14.0', '1.0', '2.0', '3.0', '4.0', '5.0', '6.0', '7.0', '8.0', '9.0', '10.0', '11.0', '12.0', '13.0', '14.0', '1.0', '2.0', '3.0', '4.0', '5.0', '6.0', '7.0', '8.0', '9.0', '10.0', '11.0', '12.0', '13.0', '14.0']
[2025-12-30 11:25:01] [API] [INFO] 엑셀 측정일: 2025-12-30
[2025-12-30 11:25:01] [API] [INFO] 측정 데이터: 0명
[2025-12-30 11:30:24] [API] [INFO] 파일 수신: 엑셀_업로드_양식.xlsx
[2025-12-30 11:30:25] [API] [INFO] ✅ user_info 저장 완료: 14명
[2025-12-30 11:30:25] [API] [INFO] ✅ upload_files 저장 완료, _id: 6953394106190b402e71e8f2
[2025-12-30 11:30:25] [API] [INFO] ✅ 파일 저장: ./uploads\61448b4d-18f0-4092-8918-39f99cb8325a.xlsx
[2025-12-30 11:30:27] [API] [INFO] 학교 7491131의 태그번호 목록: ['1.0', '2.0', '3.0', '4.0', '5.0', '6.0', '7.0', '8.0', '9.0', '10.0', '11.0', '12.0', '13.0', '14.0', '1.0', '2.0', '3.0', '4.0', '5.0', '6.0', '7.0', '8.0', '9.0', '10.0', '11.0', '12.0', '13.0', '14.0', '1.0', '2.0', '3.0', '4.0', '5.0', '6.0', '7.0', '8.0', '9.0', '10.0', '11.0', '12.0', '13.0', '14.0', '1.0', '2.0', '3.0', '4.0', '5.0', '6.0', '7.0', '8.0', '9.0', '10.0', '11.0', '12.0', '13.0', '14.0', '1.0', '2.0', '3.0', '4.0', '5.0', '6.0', '7.0', '8.0', '9.0', '10.0', '11.0', '12.0', '13.0', '14.0', '1.0', '2.0', '3.0', '4.0', '5.0', '6.0', '7.0', '8.0', '9.0', '10.0', '11.0', '12.0', '13.0', '14.0', '1.0', '2.0', '3.0', '4.0', '5.0', '6.0', '7.0', '8.0', '9.0', '10.0', '11.0', '12.0', '13.0', '14.0', '1.0', '2.0', '3.0', '4.0', '5.0', '6.0', '7.0', '8.0', '9.0', '10.0', '11.0', '12.0', '13.0', '14.0', '1.0', '2.0', '3.0', '4.0', '5.0', '6.0', '7.0', '8.0', '9.0', '10.0', '11.0', '12.0', '13.0', '14.0', '1.0', '2.0', '3.0', '4.0', '5.0', '6.0', '7.0', '8.0', '9.0', '10.0', '11.0', '12.0', '13.0', '14.0', '1.0', '2.0', '3.0', '4.0', '5.0', '6.0', '7.0', '8.0', '9.0', '10.0', '11.0', '12.0', '13.0', '14.0', '1.0', '2.0', '3.0', '4.0', '5.0', '6.0', '7.0', '8.0', '9.0', '10.0', '11.0', '12.0', '13.0', '14.0', '1.0', '2.0', '3.0', '4.0', '5.0', '6.0', '7.0', '8.0', '9.0', '10.0', '11.0', '12.0', '13.0', '14.0', '1.0', '2.0', '3.0', '4.0', '5.0', '6.0', '7.0', '8.0', '9.0', '10.0', '11.0', '12.0', '13.0', '14.0', '1.0', '2.0', '3.0', '4.0', '5.0', '6.0', '7.0', '8.0', '9.0', '10.0', '11.0', '12.0', '13.0', '14.0', '1.0', '2.0', '3.0', '4.0', '5.0', '6.0', '7.0', '8.0', '9.0', '10.0', '11.0', '12.0', '13.0', '14.0', '1.0', '2.0', '3.0', '4.0', '5.0', '6.0', '7.0', '8.0', '9.0', '10.0', '11.0', '12.0', '13.0', '14.0', '1.0', '2.0', '3.0', '4.0', '5.0', '6.0', '7.0', '8.0', '9.0', '10.0', '11.0', '12.0', '13.0', '14.0', '1.0', '2.0', '3.0', '4.0', '5.0', '6.0', '7.0', '8.0', '9.0', '10.0', '11.0', '12.0', '13.0', '14.0', '1.0', '2.0', '3.0', '4.0', '5.0', '6.0', '7.0', '8.0', '9.0', '10.0', '11.0', '12.0', '13.0', '14.0', '1.0', '2.0', '3.0', '4.0', '5.0', '6.0', '7.0', '8.0', '9.0', '10.0', '11.0', '12.0', '13.0', '14.0', '1.0', '2.0', '3.0', '4.0', '5.0', '6.0', '7.0', '8.0', '9.0', '10.0', '11.0', '12.0', '13.0', '14.0', '1.0', '2.0', '3.0', '4.0', '5.0', '6.0', '7.0', '8.0', '9.0', '10.0', '11.0', '12.0', '13.0', '14.0', '1.0', '2.0', '3.0', '4.0', '5.0', '6.0', '7.0', '8.0', '9.0', '10.0', '11.0', '12.0', '13.0', '14.0', '1.0', '2.0', '3.0', '4.0', '5.0', '6.0', '7.0', '8.0', '9.0', '10.0', '11.0', '12.0', '13.0', '14.0', '1', '2', '3', '4', '5', '6', '7', '8', '9', '10', '11', '12', '13', '14']
[2025-12-30 11:30:27] [API] [INFO] 엑셀 측정일: 2025-12-30
[2025-12-30 11:30:27] [API] [INFO] 측정 데이터: 1명
[2025-12-30 13:57:09] [API] [INFO] 파일 수신: 엑셀_업로드_양식.xlsx
[2025-12-30 13:57:10] [API] [INFO] ✅ user_info 저장 완료: 14명
[2025-12-30 13:57:10] [API] [INFO] ✅ upload_files 저장 완료, _id: 69535ba695c3f6fc07b29602
[2025-12-30 13:57:10] [API] [INFO] ✅ 파일 저장: ./uploads\8af042a6-0664-47ed-80f9-d9d8746dd659.xlsx
[2025-12-30 13:57:12] [API] [INFO] 학교 7491131의 태그번호 목록: ['1.0', '2.0', '3.0', '4.0', '5.0', '6.0', '7.0', '8.0', '9.0', '10.0', '11.0', '12.0', '13.0', '14.0', '1.0', '2.0', '3.0', '4.0', '5.0', '6.0', '7.0', '8.0', '9.0', '10.0', '11.0', '12.0', '13.0', '14.0', '1.0', '2.0', '3.0', '4.0', '5.0', '6.0', '7.0', '8.0', '9.0', '10.0', '11.0', '12.0', '13.0', '14.0', '1.0', '2.0', '3.0', '4.0', '5.0', '6.0', '7.0', '8.0', '9.0', '10.0', '11.0', '12.0', '13.0', '14.0', '1.0', '2.0', '3.0', '4.0', '5.0', '6.0', '7.0', '8.0', '9.0', '10.0', '11.0', '12.0', '13.0', '14.0', '1.0', '2.0', '3.0', '4.0', '5.0', '6.0', '7.0', '8.0', '9.0', '10.0', '11.0', '12.0', '13.0', '14.0', '1.0', '2.0', '3.0', '4.0', '5.0', '6.0', '7.0', '8.0', '9.0', '10.0', '11.0', '12.0', '13.0', '14.0', '1.0', '2.0', '3.0', '4.0', '5.0', '6.0', '7.0', '8.0', '9.0', '10.0', '11.0', '12.0', '13.0', '14.0', '1.0', '2.0', '3.0', '4.0', '5.0', '6.0', '7.0', '8.0', '9.0', '10.0', '11.0', '12.0', '13.0', '14.0', '1.0', '2.0', '3.0', '4.0', '5.0', '6.0', '7.0', '8.0', '9.0', '10.0', '11.0', '12.0', '13.0', '14.0', '1.0', '2.0', '3.0', '4.0', '5.0', '6.0', '7.0', '8.0', '9.0', '10.0', '11.0', '12.0', '13.0', '14.0', '1.0', '2.0', '3.0', '4.0', '5.0', '6.0', '7.0', '8.0', '9.0', '10.0', '11.0', '12.0', '13.0', '14.0', '1.0', '2.0', '3.0', '4.0', '5.0', '6.0', '7.0', '8.0', '9.0', '10.0', '11.0', '12.0', '13.0', '14.0', '1.0', '2.0', '3.0', '4.0', '5.0', '6.0', '7.0', '8.0', '9.0', '10.0', '11.0', '12.0', '13.0', '14.0', '1.0', '2.0', '3.0', '4.0', '5.0', '6.0', '7.0', '8.0', '9.0', '10.0', '11.0', '12.0', '13.0', '14.0', '1.0', '2.0', '3.0', '4.0', '5.0', '6.0', '7.0', '8.0', '9.0', '10.0', '11.0', '12.0', '13.0', '14.0', '1.0', '2.0', '3.0', '4.0', '5.0', '6.0', '7.0', '8.0', '9.0', '10.0', '11.0', '12.0', '13.0', '14.0', '1.0', '2.0', '3.0', '4.0', '5.0', '6.0', '7.0', '8.0', '9.0', '10.0', '11.0', '12.0', '13.0', '14.0', '1.0', '2.0', '3.0', '4.0', '5.0', '6.0', '7.0', '8.0', '9.0', '10.0', '11.0', '12.0', '13.0', '14.0', '1.0', '2.0', '3.0', '4.0', '5.0', '6.0', '7.0', '8.0', '9.0', '10.0', '11.0', '12.0', '13.0', '14.0', '1.0', '2.0', '3.0', '4.0', '5.0', '6.0', '7.0', '8.0', '9.0', '10.0', '11.0', '12.0', '13.0', '14.0', '1.0', '2.0', '3.0', '4.0', '5.0', '6.0', '7.0', '8.0', '9.0', '10.0', '11.0', '12.0', '13.0', '14.0', '1.0', '2.0', '3.0', '4.0', '5.0', '6.0', '7.0', '8.0', '9.0', '10.0', '11.0', '12.0', '13.0', '14.0', '1.0', '2.0', '3.0', '4.0', '5.0', '6.0', '7.0', '8.0', '9.0', '10.0', '11.0', '12.0', '13.0', '14.0', '1.0', '2.0', '3.0', '4.0', '5.0', '6.0', '7.0', '8.0', '9.0', '10.0', '11.0', '12.0', '13.0', '14.0', '1', '2', '3', '4', '5', '6', '7', '8', '9', '10', '11', '12', '13', '14', '1', '2', '3', '4', '5', '6', '7', '8', '9', '10', '11', '12', '13', '14']
[2025-12-30 13:57:12] [API] [INFO] 엑셀 측정일: 2025-12-30
[2025-12-30 13:57:12] [API] [INFO] 측정 데이터: 1명
[2025-12-30 15:06:25] [API] [INFO] PDF 생성 요청: measure_date='2025-12-30' school_name='울산초등학교' grade_year='6' class_number='2' student_number='6' student_name='박순재'
[2025-12-30 15:11:04] [API] [INFO] PDF 생성 요청: measure_date='2025-12-30' school_name='울산초등학교' grade_year='6' class_number='2' student_number='6' student_name='박순재'
[2025-12-30 15:14:18] [API] [INFO] PDF 생성 요청: measure_date='2025-12-30' school_name='울산초등학교' grade_year='6' class_number='2' student_number='6' student_name='박순재'
[2025-12-30 15:15:42] [API] [INFO] PDF 생성 요청: measure_date='2025-12-30' school_name='울산초등학교' grade_year='6' class_number='2' student_number='6' student_name='박순재'
[2025-12-30 15:17:18] [API] [INFO] PDF 생성 요청: measure_date='2025-12-30' school_name='울산초등학교' grade_year='6' class_number='2' student_number='6' student_name='박순재'
[2025-12-30 15:17:18] [API] [INFO] 학생 조회 완료: 박순재, tag_number: 6.0
[2025-12-30 15:19:38] [API] [INFO] PDF 생성 요청: measure_date='2025-12-30' school_name='울산초등학교' grade_year='6' class_number='2' student_number='6' student_name='박순재'
[2025-12-30 15:19:38] [API] [INFO] 학생 조회 완료: 박순재, tag_number: 6
[2025-12-30 15:19:38] [API] [INFO] 측정 데이터 조회 완료: {'tag_number': '6', 'age': 13, 'gender': 'M', 'measured_dt': datetime.datetime(2025, 12, 30, 0, 0), '50m_run': 8.5, 'grade_50m_run': 2, 'shuttle_run': 45, 'grade_shuttle_run': 1, 'grip_left': 28.5, 'grade_grip_left': 2, 'grip_right': 30.2, 'grade_grip_right': 2, 'sit_and_reach': 15.5, 'grade_sit_and_reach': 3, 'sit_up': 42, 'grade_sit_up': 2, 'long_jump': 185, 'grade_long_jump': 2, 'height': 165, 'grade_height': None, 'weight': 55, 'grade_weight': None}
[2025-12-30 15:19:39] [API] [INFO] PDF 생성 완료: src/output/박순재_PAPS결과지.pdf
[2025-12-30 15:22:02] [API] [INFO] PDF 생성 요청: measure_date='2025-12-30' school_name='울산초등학교' grade_year='6' class_number='2' student_number='6' student_name='박순재'
[2025-12-30 15:22:02] [API] [INFO] 학생 조회 완료: 박순재, tag_number: 6
[2025-12-30 15:22:02] [API] [INFO] 측정 데이터 조회 완료: {'tag_number': '6', 'age': 13, 'gender': 'M', 'measured_dt': datetime.datetime(2025, 12, 30, 0, 0), '50m_run': 8.5, 'grade_50m_run': 2, 'shuttle_run': 45, 'grade_shuttle_run': 1, 'grip_left': 28.5, 'grade_grip_left': 2, 'grip_right': 30.2, 'grade_grip_right': 2, 'sit_and_reach': 15.5, 'grade_sit_and_reach': 3, 'sit_up': 42, 'grade_sit_up': 2, 'long_jump': 185, 'grade_long_jump': 2, 'height': 165, 'grade_height': None, 'weight': 55, 'grade_weight': None}
[2025-12-30 15:22:03] [API] [INFO] PDF 생성 완료: src/output/박순재_PAPS결과지.pdf
[2025-12-30 15:22:43] [API] [INFO] 파일 수신: 엑셀_업로드_양식.xlsx
[2025-12-30 15:22:43] [API] [INFO] ✅ user_info 저장 완료: 14명
[2025-12-30 15:22:43] [API] [INFO] ✅ upload_files 저장 완료, _id: 69536fb3b03cbbe81b4ccc1a
[2025-12-30 15:22:43] [API] [INFO] ✅ 파일 저장: ./uploads\458af5c2-f31a-4f23-8983-48a9f0db9dd5.xlsx
[2025-12-30 15:22:46] [API] [INFO] 학교 7491131의 태그번호 목록: ['1', '2', '3', '4', '5', '6', '7', '8', '9', '10', '11', '12', '13', '14', '1', '2', '3', '4', '5', '6', '7', '8', '9', '10', '11', '12', '13', '14', '1', '2', '3', '4', '5', '6', '7', '8', '9', '10', '11', '12', '13', '14', '1', '2', '3', '4', '5', '6', '7', '8', '9', '10', '11', '12', '13', '14', '1', '2', '3', '4', '5', '6', '7', '8', '9', '10', '11', '12', '13', '14', '1', '2', '3', '4', '5', '6', '7', '8', '9', '10', '11', '12', '13', '14', '1', '2', '3', '4', '5', '6', '7', '8', '9', '10', '11', '12', '13', '14', '1', '2', '3', '4', '5', '6', '7', '8', '9', '10', '11', '12', '13', '14', '1', '2', '3', '4', '5', '6', '7', '8', '9', '10', '11', '12', '13', '14', '1', '2', '3', '4', '5', '6', '7', '8', '9', '10', '11', '12', '13', '14', '1', '2', '3', '4', '5', '6', '7', '8', '9', '10', '11', '12', '13', '14', '1', '2', '3', '4', '5', '6', '7', '8', '9', '10', '11', '12', '13', '14', '1', '2', '3', '4', '5', '6', '7', '8', '9', '10', '11', '12', '13', '14', '1', '2', '3', '4', '5', '6', '7', '8', '9', '10', '11', '12', '13', '14', '1', '2', '3', '4', '5', '6', '7', '8', '9', '10', '11', '12', '13', '14', '1', '2', '3', '4', '5', '6', '7', '8', '9', '10', '11', '12', '13', '14', '1', '2', '3', '4', '5', '6', '7', '8', '9', '10', '11', '12', '13', '14', '1', '2', '3', '4', '5', '6', '7', '8', '9', '10', '11', '12', '13', '14', '1', '2', '3', '4', '5', '6', '7', '8', '9', '10', '11', '12', '13', '14', '1', '2', '3', '4', '5', '6', '7', '8', '9', '10', '11', '12', '13', '14', '1', '2', '3', '4', '5', '6', '7', '8', '9', '10', '11', '12', '13', '14', '1', '2', '3', '4', '5', '6', '7', '8', '9', '10', '11', '12', '13', '14', '1', '2', '3', '4', '5', '6', '7', '8', '9', '10', '11', '12', '13', '14', '1', '2', '3', '4', '5', '6', '7', '8', '9', '10', '11', '12', '13', '14', '1', '2', '3', '4', '5', '6', '7', '8', '9', '10', '11', '12', '13', '14', '1', '2', '3', '4', '5', '6', '7', '8', '9', '10', '11', '12', '13', '14', '1', '2', '3', '4', '5', '6', '7', '8', '9', '10', '11', '12', '13', '14', '1', '2', '3', '4', '5', '6', '7', '8', '9', '10', '11', '12', '13', '14']
[2025-12-30 15:22:46] [API] [INFO] 엑셀 측정일: 2025-12-30
[2025-12-30 15:22:46] [API] [INFO] 측정 데이터: 1명
[2025-12-30 15:26:54] [API] [INFO] PDF 생성 요청: measure_date='2025-12-30' school_name='울산초등학교' grade_year='6' class_number='2' student_number='6' student_name='박순재'
[2025-12-30 15:26:54] [API] [INFO] 학생 조회 완료: 박순재, tag_number: 6
[2025-12-30 15:26:54] [API] [INFO] 측정 데이터 조회 완료: {'tag_number': '6', 'age': 13, 'gender': 'M', 'measured_dt': datetime.datetime(2025, 12, 30, 0, 0), '50m_run': 8.5, 'grade_50m_run': 1, 'shuttle_run': 45, 'grade_shuttle_run': 1, 'grip_left': 28.5, 'grade_grip_left': 1, 'grip_right': 30.2, 'grade_grip_right': 1, 'sit_and_reach': 15.5, 'grade_sit_and_reach': 1, 'sit_up': 42, 'grade_sit_up': 1, 'long_jump': 185, 'grade_long_jump': 1, 'height': 165, 'grade_height': 1, 'weight': 55, 'grade_weight': 1}
[2025-12-30 15:26:54] [API] [INFO] PDF 생성 완료: src/output/박순재_PAPS결과지.pdf
[2025-12-30 15:29:09] [API] [INFO] PDF 생성 요청: measure_date='2025-12-30' school_name='울산초등학교' grade_year='6' class_number='2' student_number='6' student_name='박순재'
[2025-12-30 15:29:09] [API] [INFO] 학생 조회 완료: 박순재, tag_number: 6
[2025-12-30 15:29:09] [API] [INFO] 측정 데이터 조회 완료: {'tag_number': '6', 'age': 13, 'gender': 'M', 'measured_dt': datetime.datetime(2025, 12, 30, 0, 0), '50m_run': 8.5, 'grade_50m_run': 3, 'shuttle_run': 45, 'grade_shuttle_run': 3, 'grip_left': 28.5, 'grade_grip_left': 3, 'grip_right': 30.2, 'grade_grip_right': 3, 'sit_and_reach': 15.5, 'grade_sit_and_reach': 3, 'sit_up': 42, 'grade_sit_up': 3, 'long_jump': 185, 'grade_long_jump': 3, 'height': 165, 'grade_height': 3, 'weight': 55, 'grade_weight': 3}
[2025-12-30 15:29:09] [API] [INFO] PDF 생성 완료: src/output/박순재_PAPS결과지.pdf
[2025-12-30 16:13:21] [API] [INFO] PDF 생성 요청: measure_date='2025-12-30' school_name='울산초등학교' grade_year='6' class_number='2' student_number='6' student_name='박순재'
[2025-12-30 16:13:21] [API] [INFO] 학생 조회 완료: 박순재, tag_number: 6
[2025-12-30 16:13:21] [API] [INFO] 측정 데이터 조회 완료: {'tag_number': '6', 'age': 13, 'gender': 'M', 'measured_dt': datetime.datetime(2025, 12, 30, 0, 0), '50m_run': 8.5, 'grade_50m_run': 3, 'shuttle_run': 45, 'grade_shuttle_run': 3, 'grip_left': 28.5, 'grade_grip_left': 3, 'grip_right': 30.2, 'grade_grip_right': 3, 'sit_and_reach': 15.5, 'grade_sit_and_reach': 3, 'sit_up': 42, 'grade_sit_up': 3, 'long_jump': 185, 'grade_long_jump': 3, 'height': 165, 'grade_height': 3, 'weight': 55, 'grade_weight': 3}
[2025-12-30 16:13:21] [API] [INFO] PDF 생성 완료: src/output/박순재_PAPS결과지.pdf
[2025-12-30 16:14:38] [API] [INFO] PDF 생성 요청: measure_date='2025-12-30' school_name='울산초등학교' grade_year='6' class_number='2' student_number='6' student_name='박순재'
[2025-12-30 16:14:38] [API] [INFO] 학생 조회 완료: 박순재, tag_number: 6
[2025-12-30 16:14:38] [API] [INFO] 측정 데이터 조회 완료: {'tag_number': '6', 'age': 13, 'gender': 'M', 'measured_dt': datetime.datetime(2025, 12, 30, 0, 0), '50m_run': 8.5, 'grade_50m_run': 3, 'shuttle_run': 45, 'grade_shuttle_run': 3, 'grip_left': 28.5, 'grade_grip_left': 3, 'grip_right': 30.2, 'grade_grip_right': 3, 'sit_and_reach': 15.5, 'grade_sit_and_reach': 3, 'sit_up': 42, 'grade_sit_up': 3, 'long_jump': 185, 'grade_long_jump': 3, 'height': 165, 'grade_height': 3, 'weight': 55, 'grade_weight': 3}
[2025-12-30 16:14:38] [API] [INFO] PDF 생성 완료: src/output/박순재_PAPS결과지.pdf
[2025-12-30 16:15:46] [API] [INFO] PDF 생성 요청: measure_date='2025-12-30' school_name='울산초등학교' grade_year='6' class_number='2' student_number='6' student_name='박순재'
[2025-12-30 16:15:46] [API] [INFO] 학생 조회 완료: 박순재, tag_number: 6
[2025-12-30 16:15:46] [API] [INFO] 측정 데이터 조회 완료: {'tag_number': '6', 'age': 13, 'gender': 'M', 'measured_dt': datetime.datetime(2025, 12, 30, 0, 0), '50m_run': 8.5, 'grade_50m_run': 3, 'shuttle_run': 45, 'grade_shuttle_run': 3, 'grip_left': 28.5, 'grade_grip_left': 3, 'grip_right': 30.2, 'grade_grip_right': 3, 'sit_and_reach': 15.5, 'grade_sit_and_reach': 3, 'sit_up': 42, 'grade_sit_up': 3, 'long_jump': 185, 'grade_long_jump': 3, 'height': 165, 'grade_height': 3, 'weight': 55, 'grade_weight': 3}
[2025-12-30 16:15:46] [API] [INFO] PDF 생성 완료: src/output/박순재_PAPS결과지.pdf
[2025-12-30 16:16:20] [API] [INFO] PDF 생성 요청: measure_date='2025-12-30' school_name='울산초등학교' grade_year='6' class_number='2' student_number='6' student_name='박순재'
[2025-12-30 16:16:20] [API] [INFO] 학생 조회 완료: 박순재, tag_number: 6
[2025-12-30 16:16:20] [API] [INFO] 측정 데이터 조회 완료: {'tag_number': '6', 'age': 13, 'gender': 'M', 'measured_dt': datetime.datetime(2025, 12, 30, 0, 0), '50m_run': 8.5, 'grade_50m_run': 4, 'shuttle_run': 45, 'grade_shuttle_run': 4, 'grip_left': 28.5, 'grade_grip_left': 4, 'grip_right': 30.2, 'grade_grip_right': 4, 'sit_and_reach': 15.5, 'grade_sit_and_reach': 4, 'sit_up': 42, 'grade_sit_up': 4, 'long_jump': 185, 'grade_long_jump': 4, 'height': 165, 'grade_height': 4, 'weight': 55, 'grade_weight': 4}
[2025-12-30 16:16:20] [API] [INFO] PDF 생성 완료: src/output/박순재_PAPS결과지.pdf
[2025-12-30 16:17:25] [API] [INFO] PDF 생성 요청: measure_date='2025-12-30' school_name='울산초등학교' grade_year='6' class_number='2' student_number='6' student_name='박순재'
[2025-12-30 16:17:25] [API] [INFO] 학생 조회 완료: 박순재, tag_number: 6
[2025-12-30 16:17:25] [API] [INFO] 측정 데이터 조회 완료: {'tag_number': '6', 'age': 13, 'gender': 'M', 'measured_dt': datetime.datetime(2025, 12, 30, 0, 0), '50m_run': 8.5, 'grade_50m_run': 5, 'shuttle_run': 45, 'grade_shuttle_run': 5, 'grip_left': 28.5, 'grade_grip_left': 5, 'grip_right': 30.2, 'grade_grip_right': 5, 'sit_and_reach': 15.5, 'grade_sit_and_reach': 5, 'sit_up': 42, 'grade_sit_up': 5, 'long_jump': 185, 'grade_long_jump': 5, 'height': 165, 'grade_height': 5, 'weight': 55, 'grade_weight': 5}
[2025-12-30 16:17:25] [API] [INFO] PDF 생성 완료: src/output/박순재_PAPS결과지.pdf
[2025-12-30 16:19:32] [API] [INFO] PDF 생성 요청: measure_date='2025-12-30' school_name='울산초등학교' grade_year='6' class_number='2' student_number='6' student_name='박순재'
[2025-12-30 16:19:32] [API] [INFO] 학생 조회 완료: 박순재, tag_number: 6
[2025-12-30 16:19:32] [API] [INFO] 측정 데이터 조회 완료: {'tag_number': '6', 'age': 13, 'gender': 'M', 'measured_dt': datetime.datetime(2025, 12, 30, 0, 0), '50m_run': 8.5, 'grade_50m_run': 5, 'shuttle_run': 45, 'grade_shuttle_run': 5, 'grip_left': 28.5, 'grade_grip_left': 5, 'grip_right': 30.2, 'grade_grip_right': 5, 'sit_and_reach': 15.5, 'grade_sit_and_reach': 5, 'sit_up': 42, 'grade_sit_up': 5, 'long_jump': 185, 'grade_long_jump': 5, 'height': 165, 'grade_height': 5, 'weight': 55, 'grade_weight': 5}
[2025-12-30 16:19:32] [API] [INFO] PDF 생성 완료: src/output/박순재_PAPS결과지.pdf
[2025-12-30 16:20:25] [API] [INFO] PDF 생성 요청: measure_date='2025-12-30' school_name='울산초등학교' grade_year='6' class_number='2' student_number='6' student_name='박순재'
[2025-12-30 16:20:25] [API] [INFO] 학생 조회 완료: 박순재, tag_number: 6
[2025-12-30 16:20:25] [API] [INFO] 측정 데이터 조회 완료: {'tag_number': '6', 'age': 13, 'gender': 'M', 'measured_dt': datetime.datetime(2025, 12, 30, 0, 0), '50m_run': 8.5, 'grade_50m_run': 5, 'shuttle_run': 45, 'grade_shuttle_run': 5, 'grip_left': 28.5, 'grade_grip_left': 5, 'grip_right': 30.2, 'grade_grip_right': 5, 'sit_and_reach': 15.5, 'grade_sit_and_reach': 5, 'sit_up': 42, 'grade_sit_up': 5, 'long_jump': 185, 'grade_long_jump': 5, 'height': 165, 'grade_height': 5, 'weight': 55, 'grade_weight': 5}
[2025-12-30 16:20:26] [API] [INFO] PDF 생성 완료: src/output/박순재_PAPS결과지.pdf
[2025-12-30 16:20:56] [API] [INFO] PDF 생성 요청: measure_date='2025-12-30' school_name='울산초등학교' grade_year='6' class_number='2' student_number='6' student_name='박순재'
[2025-12-30 16:20:56] [API] [INFO] 학생 조회 완료: 박순재, tag_number: 6
[2025-12-30 16:20:56] [API] [INFO] 측정 데이터 조회 완료: {'tag_number': '6', 'age': 13, 'gender': 'M', 'measured_dt': datetime.datetime(2025, 12, 30, 0, 0), '50m_run': 8.5, 'grade_50m_run': 4, 'shuttle_run': 45, 'grade_shuttle_run': 4, 'grip_left': 28.5, 'grade_grip_left': 4, 'grip_right': 30.2, 'grade_grip_right': 4, 'sit_and_reach': 15.5, 'grade_sit_and_reach': 4, 'sit_up': 42, 'grade_sit_up': 4, 'long_jump': 185, 'grade_long_jump': 4, 'height': 165, 'grade_height': 4, 'weight': 55, 'grade_weight': 4}
[2025-12-30 16:20:57] [API] [INFO] PDF 생성 완료: src/output/박순재_PAPS결과지.pdf
[2025-12-30 16:22:14] [API] [INFO] PDF 생성 요청: measure_date='2025-12-30' school_name='울산초등학교' grade_year='6' class_number='2' student_number='6' student_name='박순재'
[2025-12-30 16:22:14] [API] [INFO] 학생 조회 완료: 박순재, tag_number: 6
[2025-12-30 16:22:14] [API] [INFO] 측정 데이터 조회 완료: {'tag_number': '6', 'age': 13, 'gender': 'M', 'measured_dt': datetime.datetime(2025, 12, 30, 0, 0), '50m_run': 8.5, 'grade_50m_run': 4, 'shuttle_run': 45, 'grade_shuttle_run': 4, 'grip_left': 28.5, 'grade_grip_left': 4, 'grip_right': 30.2, 'grade_grip_right': 4, 'sit_and_reach': 15.5, 'grade_sit_and_reach': 4, 'sit_up': 42, 'grade_sit_up': 4, 'long_jump': 185, 'grade_long_jump': 4, 'height': 165, 'grade_height': 4, 'weight': 55, 'grade_weight': 4}
[2025-12-30 16:22:14] [API] [INFO] PDF 생성 완료: src/output/박순재_PAPS결과지.pdf
[2025-12-30 16:22:49] [API] [INFO] PDF 생성 요청: measure_date='2025-12-30' school_name='울산초등학교' grade_year='6' class_number='2' student_number='6' student_name='박순재'
[2025-12-30 16:22:49] [API] [INFO] 학생 조회 완료: 박순재, tag_number: 6
[2025-12-30 16:22:49] [API] [INFO] 측정 데이터 조회 완료: {'tag_number': '6', 'age': 13, 'gender': 'M', 'measured_dt': datetime.datetime(2025, 12, 30, 0, 0), '50m_run': 8.5, 'grade_50m_run': 4, 'shuttle_run': 45, 'grade_shuttle_run': 4, 'grip_left': 28.5, 'grade_grip_left': 4, 'grip_right': 30.2, 'grade_grip_right': 4, 'sit_and_reach': 15.5, 'grade_sit_and_reach': 4, 'sit_up': 42, 'grade_sit_up': 4, 'long_jump': 185, 'grade_long_jump': 4, 'height': 165, 'grade_height': 4, 'weight': 55, 'grade_weight': 4}
[2025-12-30 16:22:49] [API] [INFO] PDF 생성 완료: src/output/박순재_PAPS결과지.pdf
[2025-12-30 16:23:26] [API] [INFO] PDF 생성 요청: measure_date='2025-12-30' school_name='울산초등학교' grade_year='6' class_number='2' student_number='6' student_name='박순재'
[2025-12-30 16:23:26] [API] [INFO] 학생 조회 완료: 박순재, tag_number: 6
[2025-12-30 16:23:26] [API] [INFO] 측정 데이터 조회 완료: {'tag_number': '6', 'age': 13, 'gender': 'M', 'measured_dt': datetime.datetime(2025, 12, 30, 0, 0), '50m_run': 8.5, 'grade_50m_run': 5, 'shuttle_run': 45, 'grade_shuttle_run': 5, 'grip_left': 28.5, 'grade_grip_left': 5, 'grip_right': 30.2, 'grade_grip_right': 5, 'sit_and_reach': 15.5, 'grade_sit_and_reach': 5, 'sit_up': 42, 'grade_sit_up': 5, 'long_jump': 185, 'grade_long_jump': 5, 'height': 165, 'grade_height': 5, 'weight': 55, 'grade_weight': 5}
[2025-12-30 16:23:26] [API] [INFO] PDF 생성 완료: src/output/박순재_PAPS결과지.pdf
[2025-12-30 16:23:53] [API] [INFO] PDF 생성 요청: measure_date='2025-12-30' school_name='울산초등학교' grade_year='6' class_number='2' student_number='6' student_name='박순재'
[2025-12-30 16:23:53] [API] [INFO] 학생 조회 완료: 박순재, tag_number: 6
[2025-12-30 16:23:53] [API] [INFO] 측정 데이터 조회 완료: {'tag_number': '6', 'age': 13, 'gender': 'M', 'measured_dt': datetime.datetime(2025, 12, 30, 0, 0), '50m_run': 8.5, 'grade_50m_run': 3, 'shuttle_run': 45, 'grade_shuttle_run': 3, 'grip_left': 28.5, 'grade_grip_left': 3, 'grip_right': 30.2, 'grade_grip_right': 3, 'sit_and_reach': 15.5, 'grade_sit_and_reach': 3, 'sit_up': 42, 'grade_sit_up': 3, 'long_jump': 185, 'grade_long_jump': 3, 'height': 165, 'grade_height': 3, 'weight': 55, 'grade_weight': 3}
[2025-12-30 16:23:53] [API] [INFO] PDF 생성 완료: src/output/박순재_PAPS결과지.pdf
[2025-12-30 16:24:23] [API] [INFO] PDF 생성 요청: measure_date='2025-12-30' school_name='울산초등학교' grade_year='6' class_number='2' student_number='6' student_name='박순재'
[2025-12-30 16:24:23] [API] [INFO] 학생 조회 완료: 박순재, tag_number: 6
[2025-12-30 16:24:23] [API] [INFO] 측정 데이터 조회 완료: {'tag_number': '6', 'age': 13, 'gender': 'M', 'measured_dt': datetime.datetime(2025, 12, 30, 0, 0), '50m_run': 8.5, 'grade_50m_run': 2, 'shuttle_run': 45, 'grade_shuttle_run': 2, 'grip_left': 28.5, 'grade_grip_left': 2, 'grip_right': 30.2, 'grade_grip_right': 2, 'sit_and_reach': 15.5, 'grade_sit_and_reach': 2, 'sit_up': 42, 'grade_sit_up': 2, 'long_jump': 185, 'grade_long_jump': 2, 'height': 165, 'grade_height': 2, 'weight': 55, 'grade_weight': 2}
[2025-12-30 16:24:23] [API] [INFO] PDF 생성 완료: src/output/박순재_PAPS결과지.pdf
[2025-12-30 16:27:38] [API] [INFO] PDF 생성 요청: measure_date='2025-12-30' school_name='울산초등학교' grade_year='6' class_number='2' student_number='6' student_name='박순재'
[2025-12-30 16:27:38] [API] [INFO] 학생 조회 완료: 박순재, tag_number: 6
[2025-12-30 16:27:38] [API] [INFO] 측정 데이터 조회 완료: {'tag_number': '6', 'age': 13, 'gender': 'M', 'measured_dt': datetime.datetime(2025, 12, 30, 0, 0), '50m_run': 8.5, 'grade_50m_run': 2, 'shuttle_run': 45, 'grade_shuttle_run': 2, 'grip_left': 28.5, 'grade_grip_left': 2, 'grip_right': 30.2, 'grade_grip_right': 2, 'sit_and_reach': 15.5, 'grade_sit_and_reach': 2, 'sit_up': 42, 'grade_sit_up': 2, 'long_jump': 185, 'grade_long_jump': 2, 'height': 165, 'grade_height': 2, 'weight': 55, 'grade_weight': 2}
[2025-12-30 16:27:38] [API] [INFO] PDF 생성 완료: src/output/박순재_PAPS결과지.pdf
[2025-12-30 16:31:39] [API] [INFO] PDF 생성 요청: measure_date='2025-12-30' school_name='울산초등학교' grade_year='6' class_number='2' student_number='6' student_name='박순재'
[2025-12-30 16:31:39] [API] [INFO] 학생 조회 완료: 박순재, tag_number: 6
[2025-12-30 16:31:39] [API] [INFO] 측정 데이터 조회 완료: {'tag_number': '6', 'age': 13, 'gender': 'M', 'measured_dt': datetime.datetime(2025, 12, 30, 0, 0), '50m_run': 8.5, 'grade_50m_run': 2, 'shuttle_run': 45, 'grade_shuttle_run': 2, 'grip_left': 28.5, 'grade_grip_left': 2, 'grip_right': 30.2, 'grade_grip_right': 2, 'sit_and_reach': 15.5, 'grade_sit_and_reach': 2, 'sit_up': 42, 'grade_sit_up': 2, 'long_jump': 185, 'grade_long_jump': 2, 'height': 165, 'grade_height': 2, 'weight': 55, 'grade_weight': 2}
[2025-12-30 16:31:39] [API] [INFO] PDF 생성 완료: src/output/박순재_PAPS결과지.pdf
[2025-12-30 16:32:39] [API] [INFO] PDF 생성 요청: measure_date='2025-12-30' school_name='울산초등학교' grade_year='6' class_number='2' student_number='6' student_name='박순재'
[2025-12-30 16:32:39] [API] [INFO] 학생 조회 완료: 박순재, tag_number: 6
[2025-12-30 16:32:39] [API] [INFO] 측정 데이터 조회 완료: {'tag_number': '6', 'age': 13, 'gender': 'M', 'measured_dt': datetime.datetime(2025, 12, 30, 0, 0), '50m_run': 8.5, 'grade_50m_run': 2, 'shuttle_run': 45, 'grade_shuttle_run': 2, 'grip_left': 28.5, 'grade_grip_left': 2, 'grip_right': 30.2, 'grade_grip_right': 2, 'sit_and_reach': 15.5, 'grade_sit_and_reach': 2, 'sit_up': 42, 'grade_sit_up': 2, 'long_jump': 185, 'grade_long_jump': 2, 'height': 165, 'grade_height': 2, 'weight': 55, 'grade_weight': 2}
[2025-12-30 16:32:39] [API] [INFO] PDF 생성 완료: src/output/박순재_PAPS결과지.pdf
[2025-12-30 16:42:16] [API] [INFO] PDF 생성 요청: measure_date='2025-12-30' school_name='울산초등학교' grade_year='6' class_number='2' student_number='6' student_name='박순재'
[2025-12-30 16:42:16] [API] [INFO] 학생 조회 완료: 박순재, tag_number: 6
[2025-12-30 16:42:16] [API] [INFO] 측정 데이터 조회 완료: {'tag_number': '6', 'age': 13, 'gender': 'M', 'measured_dt': datetime.datetime(2025, 12, 30, 0, 0), '50m_run': 8.5, 'grade_50m_run': 2, 'shuttle_run': 45, 'grade_shuttle_run': 2, 'grip_left': 28.5, 'grade_grip_left': 2, 'grip_right': 30.2, 'grade_grip_right': 2, 'sit_and_reach': 15.5, 'grade_sit_and_reach': 2, 'sit_up': 42, 'grade_sit_up': 2, 'long_jump': 185, 'grade_long_jump': 2, 'height': 165, 'grade_height': 2, 'weight': 55, 'grade_weight': 2}
[2025-12-30 16:42:16] [API] [INFO] PDF 생성 완료: src/output/박순재_PAPS결과지.pdf
[2025-12-30 16:42:50] [API] [INFO] PDF 생성 요청: measure_date='2025-12-30' school_name='울산초등학교' grade_year='6' class_number='2' student_number='6' student_name='박순재'
[2025-12-30 16:42:50] [API] [INFO] 학생 조회 완료: 박순재, tag_number: 6
[2025-12-30 16:42:50] [API] [INFO] 측정 데이터 조회 완료: {'tag_number': '6', 'age': 13, 'gender': 'M', 'measured_dt': datetime.datetime(2025, 12, 30, 0, 0), '50m_run': 8.5, 'grade_50m_run': 2, 'shuttle_run': 45, 'grade_shuttle_run': 2, 'grip_left': 28.5, 'grade_grip_left': 2, 'grip_right': 30.2, 'grade_grip_right': 2, 'sit_and_reach': 15.5, 'grade_sit_and_reach': 2, 'sit_up': 42, 'grade_sit_up': 2, 'long_jump': 185, 'grade_long_jump': 2, 'height': 165, 'grade_height': 2, 'weight': 55, 'grade_weight': 2}
[2025-12-30 16:42:50] [API] [INFO] PDF 생성 완료: src/output/박순재_PAPS결과지.pdf
[2025-12-30 16:53:41] [API] [INFO] PDF 생성 요청: measure_date='2025-12-30' school_name='박순재' grade_year='6' class_number='2' student_number='6' student_name='박순재'
[2025-12-30 16:53:41] [API] [INFO] 학생 조회 완료: 박순재, tag_number: 6
[2025-12-30 16:53:41] [API] [INFO] 측정 데이터 조회 완료: {'tag_number': '6', 'age': 13, 'gender': 'M', 'measured_dt': datetime.datetime(2025, 12, 30, 0, 0), '50m_run': 8.5, 'grade_50m_run': 2, 'shuttle_run': 45, 'grade_shuttle_run': 2, 'grip_left': 28.5, 'grade_grip_left': 2, 'grip_right': 30.2, 'grade_grip_right': 2, 'sit_and_reach': 15.5, 'grade_sit_and_reach': 2, 'sit_up': 42, 'grade_sit_up': 2, 'long_jump': 185, 'grade_long_jump': 2, 'height': 165, 'grade_height': 2, 'weight': 55, 'grade_weight': 2}
[2025-12-30 16:53:42] [API] [INFO] PDF 생성 완료: src/output/박순재_PAPS결과지.pdf
[2025-12-30 16:59:15] [API] [INFO] PDF 생성 요청: measure_date='2025-12-30' school_name='울산초등학교' grade_year='6' class_number='2' student_number='6' student_name='박순재'
[2025-12-30 16:59:15] [API] [INFO] 학생 조회 완료: 박순재, tag_number: 6
[2025-12-30 16:59:15] [API] [INFO] 측정 데이터 조회 완료: {'tag_number': '6', 'age': 13, 'gender': 'M', 'measured_dt': datetime.datetime(2025, 12, 30, 0, 0), '50m_run': 8.5, 'grade_50m_run': 2, 'shuttle_run': 45, 'grade_shuttle_run': 2, 'grip_left': 28.5, 'grade_grip_left': 2, 'grip_right': 30.2, 'grade_grip_right': 2, 'sit_and_reach': 15.5, 'grade_sit_and_reach': 2, 'sit_up': 42, 'grade_sit_up': 2, 'long_jump': 185, 'grade_long_jump': 2, 'height': 165, 'grade_height': 2, 'weight': 55, 'grade_weight': 2}
[2025-12-30 16:59:15] [API] [INFO] PDF 생성 완료: src/output/박순재_PAPS결과지.pdf
[2025-12-30 16:59:48] [API] [INFO] PDF 생성 요청: measure_date='2025-12-30' school_name='울산초등학교' grade_year='6' class_number='2' student_number='6' student_name='박순재'
[2025-12-30 16:59:48] [API] [INFO] 학생 조회 완료: 박순재, tag_number: 6
[2025-12-30 16:59:48] [API] [INFO] 측정 데이터 조회 완료: {'tag_number': '6', 'age': 13, 'gender': 'M', 'measured_dt': datetime.datetime(2025, 12, 30, 0, 0), '50m_run': 8.5, 'grade_50m_run': 2, 'shuttle_run': 45, 'grade_shuttle_run': 2, 'grip_left': 28.5, 'grade_grip_left': 2, 'grip_right': 30.2, 'grade_grip_right': 2, 'sit_and_reach': 15.5, 'grade_sit_and_reach': 2, 'sit_up': 42, 'grade_sit_up': 2, 'long_jump': 185, 'grade_long_jump': 2, 'height': 165, 'grade_height': 2, 'weight': 55, 'grade_weight': 2}
[2025-12-30 16:59:49] [API] [INFO] PDF 생성 완료: src/output/박순재_PAPS결과지.pdf
[2025-12-30 17:02:55] [API] [INFO] PDF 생성 요청: measure_date='2025-12-30' school_name='울산초등학교' grade_year='6' class_number='2' student_number='6' student_name='박순재'
[2025-12-30 17:02:55] [API] [INFO] 학생 조회 완료: 박순재, tag_number: 6
[2025-12-30 17:02:55] [API] [INFO] 측정 데이터 조회 완료: {'tag_number': '6', 'age': 13, 'gender': 'M', 'measured_dt': datetime.datetime(2025, 12, 30, 0, 0), '50m_run': 8.5, 'grade_50m_run': 2, 'shuttle_run': 45, 'grade_shuttle_run': 2, 'grip_left': 28.5, 'grade_grip_left': 2, 'grip_right': 30.2, 'grade_grip_right': 2, 'sit_and_reach': 15.5, 'grade_sit_and_reach': 2, 'sit_up': 42, 'grade_sit_up': 2, 'long_jump': 185, 'grade_long_jump': 2, 'height': 165, 'grade_height': 2, 'weight': 55, 'grade_weight': 2}
[2025-12-30 17:02:55] [API] [INFO] PDF 생성 완료: src/output/박순재_PAPS결과지.pdf
[2025-12-30 17:28:13] [API] [INFO] PDF 생성 요청: measure_date='2025-12-30' school_name='울산초등학교' grade_year='6' class_number='2' student_number='6' student_name='박순재'
[2025-12-30 17:28:13] [API] [INFO] 학생 조회 완료: 박순재, tag_number: 6
[2025-12-30 17:28:13] [API] [INFO] 측정 데이터 조회 완료: {'tag_number': '6', 'age': 13, 'gender': 'M', 'measured_dt': datetime.datetime(2025, 12, 30, 0, 0), '50m_run': 8.5, 'grade_50m_run': 2, 'shuttle_run': 45, 'grade_shuttle_run': 2, 'grip_left': 28.5, 'grade_grip_left': 2, 'grip_right': 30.2, 'grade_grip_right': 2, 'sit_and_reach': 15.5, 'grade_sit_and_reach': 2, 'sit_up': 42, 'grade_sit_up': 2, 'long_jump': 185, 'grade_long_jump': 2, 'height': 165, 'grade_height': 2, 'weight': 55, 'grade_weight': 2}
[2025-12-30 17:28:13] [API] [INFO] PDF 생성 완료: src/output/박순재_PAPS결과지.pdf
[2025-12-30 17:29:10] [API] [INFO] PDF 생성 요청: measure_date='2025-12-30' school_name='울산초등학교' grade_year='6' class_number='2' student_number='6' student_name='박순재'
[2025-12-30 17:29:10] [API] [INFO] 학생 조회 완료: 박순재, tag_number: 6
[2025-12-30 17:29:10] [API] [INFO] 측정 데이터 조회 완료: {'tag_number': '6', 'age': 13, 'gender': 'M', 'measured_dt': datetime.datetime(2025, 12, 30, 0, 0), '50m_run': 8.5, 'grade_50m_run': 2, 'shuttle_run': 45, 'grade_shuttle_run': 2, 'grip_left': 28.5, 'grade_grip_left': 2, 'grip_right': 30.2, 'grade_grip_right': 2, 'sit_and_reach': 15.5, 'grade_sit_and_reach': 2, 'sit_up': 42, 'grade_sit_up': 2, 'long_jump': 185, 'grade_long_jump': 2, 'height': 165, 'grade_height': 2, 'weight': 55, 'grade_weight': 2}
[2025-12-30 17:29:10] [API] [INFO] PDF 생성 완료: src/output/박순재_PAPS결과지.pdf
[2025-12-30 17:30:54] [API] [INFO] PDF 생성 요청: measure_date='2025-12-30' school_name='울산초등학교' grade_year='6' class_number='2' student_number='6' student_name='박순재'
[2025-12-30 17:30:54] [API] [INFO] 학생 조회 완료: 박순재, tag_number: 6
[2025-12-30 17:30:54] [API] [INFO] 측정 데이터 조회 완료: {'tag_number': '6', 'age': 13, 'gender': 'M', 'measured_dt': datetime.datetime(2025, 12, 30, 0, 0), '50m_run': 7.7, 'grade_50m_run': 2, 'shuttle_run': 7.7, 'grade_shuttle_run': 2, 'grip_left': 7.7, 'grade_grip_left': 2, 'grip_right': 7.7, 'grade_grip_right': 2, 'sit_and_reach': 7.7, 'grade_sit_and_reach': 2, 'sit_up': 7.7, 'grade_sit_up': 2, 'long_jump': 7.7, 'grade_long_jump': 2, 'height': 7.7, 'grade_height': 2, 'weight': 7.7, 'grade_weight': 2}
[2025-12-30 17:30:54] [API] [INFO] PDF 생성 완료: src/output/박순재_PAPS결과지.pdf
