[2026-03-06 16:39:55] [Main] [INFO] 설정 파일 경로: C:\Users\User\Desktop\develop\cloud_digital_paps\option.ini
[2026-03-06 16:39:55] [Main] [INFO] ============================================================
[2026-03-06 16:39:55] [Main] [INFO]  클라우드 서버 설정 로드 완료 
[2026-03-06 16:39:55] [Main] [INFO] 데이터베이스: mongodb://admin:paps123@110.165.16.135:27017/?authSource=admin
[2026-03-06 16:39:55] [Main] [INFO] 서버 포트: 8000
[2026-03-06 16:39:55] [Main] [INFO] 업로드 경로: ./uploads
[2026-03-06 16:39:55] [Main] [INFO] ============================================================
[2026-03-06 16:39:55] [Main] [INFO] ============================================================
[2026-03-06 16:39:55] [Main] [INFO] ============================================================
[2026-03-06 16:39:55] [Main] [INFO] ☁️ 클라우드 서버 시작
[2026-03-06 16:39:55] [Main] [INFO] ============================================================
[2026-03-06 16:40:14] [Main] [INFO] 설정 파일 경로: C:\Users\User\Desktop\develop\cloud_digital_paps\option.ini
[2026-03-06 16:40:14] [Main] [INFO] ============================================================
[2026-03-06 16:40:14] [Main] [INFO]  클라우드 서버 설정 로드 완료 
[2026-03-06 16:40:14] [Main] [INFO] 데이터베이스: mongodb://admin:paps123@110.165.16.135:27017/?authSource=admin
[2026-03-06 16:40:14] [Main] [INFO] 서버 포트: 8000
[2026-03-06 16:40:14] [Main] [INFO] 업로드 경로: ./uploads
[2026-03-06 16:40:14] [Main] [INFO] ============================================================
[2026-03-06 16:40:14] [Main] [INFO] ============================================================
[2026-03-06 16:40:14] [Main] [INFO] ============================================================
[2026-03-06 16:40:14] [Main] [INFO] ☁️ 클라우드 서버 시작
[2026-03-06 16:40:14] [Main] [INFO] ============================================================
[2026-03-06 16:40:23] [Main] [INFO] 

클라우드 서버 종료 신호 받음...
[2026-03-06 16:40:23] [Main] [INFO] 서버 종료 완료
