[2026-03-06 16:39:55] [WebServer] [INFO] 웹서버 시작: 0.0.0.0:8000
[2026-03-06 16:39:55] [WebServer] [INFO] ============================================================
[2026-03-06 16:39:55] [WebServer] [INFO] 🚀 웹서버 초기화 시작
[2026-03-06 16:39:55] [WebServer] [INFO] ============================================================
[2026-03-06 16:39:55] [WebServer] [INFO] 📁 업로드 경로: ./uploads
[2026-03-06 16:39:55] [WebServer] [INFO] ✅ 데이터베이스 초기화 완료
[2026-03-06 16:39:55] [WebServer] [INFO] ============================================================
[2026-03-06 16:39:55] [WebServer] [INFO] ✅ 웹서버 초기화 완료
[2026-03-06 16:39:55] [WebServer] [INFO] ============================================================
[2026-03-06 16:39:55] [WebServer] [INFO] 🔌 웹서버 종료 중...
[2026-03-06 16:40:14] [WebServer] [INFO] 웹서버 시작: 0.0.0.0:8000
[2026-03-06 16:40:14] [WebServer] [INFO] ============================================================
[2026-03-06 16:40:14] [WebServer] [INFO] 🚀 웹서버 초기화 시작
[2026-03-06 16:40:14] [WebServer] [INFO] ============================================================
[2026-03-06 16:40:14] [WebServer] [INFO] 📁 업로드 경로: ./uploads
[2026-03-06 16:40:14] [WebServer] [INFO] ✅ 데이터베이스 초기화 완료
[2026-03-06 16:40:14] [WebServer] [INFO] ============================================================
[2026-03-06 16:40:14] [WebServer] [INFO] ✅ 웹서버 초기화 완료
[2026-03-06 16:40:14] [WebServer] [INFO] ============================================================
[2026-03-06 16:40:23] [WebServer] [INFO] 🔌 웹서버 종료 중...
